<?xml version="1.0" encoding="UTF-8"?>
<!-- Generated by org.testng.reporters.JUnitReportReporter -->
<testsuite hostname="Sk" failures="0" tests="1" name="testCases.DrawLines" time="37.522" errors="0" timestamp="2022-05-16T01:30:23 IST" skipped="0">
  <testcase classname="testCases.DrawLines" name="testDrawingLines" time="37.522"/>
  <system-out/>
</testsuite> <!-- testCases.DrawLines -->
